
[FLAGGED: MATH_REQUEST]
  ROWID=153 handle=+17147429858 text='￼'
  ROWID=157 handle=marek.pinto@icloud.com text='9 drinks someone else do the math pls'

[FLAGGED: RANGE]
  ROWID=500 handle=+16176315336 text='5638-5635'

[FLAGGED: AMBIGUOUS_MULTIPLE_NUMBERS]
  ROWID=1529 handle=+17147429858 text='￼'
  ROWID=1537 handle=+17147429858 text='5740'
  ROWID=1539 handle=+17147429858 text='5753 '
  ROWID=1540 handle=+17147429858 text='5754, back to work 😞 '

[FLAGGED: RANGE]
  ROWID=5335 handle=+17147429858 text='6076-6074'

[FLAGGED: AMBIGUOUS_MULTIPLE_NUMBERS]
  ROWID=5820 handle=+17147429858 text='￼'
  ROWID=5829 handle=+17147429858 text='6097, work never stops '
  ROWID=5835 handle=+17147429858 text='6108, work break '

[FLAGGED: AMBIGUOUS_MULTIPLE_NUMBERS]
  ROWID=6195 handle=+18453002491 text='￼'
  ROWID=6197 handle=+18453002491 text='6164'
  ROWID=6199 handle=+18453002491 text='6144'

[FLAGGED: RANGE]
  ROWID=6218 handle=+16173097007 text='6142-6141'

[FLAGGED: AMBIGUOUS_MULTIPLE_NUMBERS]
  ROWID=6296 handle=+18453002491 text='￼'
  ROWID=6298 handle=+18453002491 text='6155 mini golf'
  ROWID=6299 handle=+18453002491 text='6152'
  ROWID=6306 handle=+18453002491 text='6151'

[FLAGGED: RANGE]
  ROWID=6696 handle=+17147429858 text='6195-6193'

[FLAGGED: RANGE]
  ROWID=7831 handle=+16173097007 text='6386-6384'

[FLAGGED: AMBIGUOUS_MULTIPLE_NUMBERS]
  ROWID=9534 handle=+16173097007 text='￼'
  ROWID=9552 handle=+16173097007 text='6468'
  ROWID=9556 handle=+16173097007 text='6463'

[FLAGGED: MATH_REQUEST]
  ROWID=153 handle=+17147429858 text='￼'
  ROWID=157 handle=marek.pinto@icloud.com text='9 drinks someone else do the math pls'

[FLAGGED: RANGE]
  ROWID=500 handle=+16176315336 text='5638-5635'

[FLAGGED: AMBIGUOUS_MULTIPLE_NUMBERS]
  ROWID=1529 handle=+17147429858 text='￼'
  ROWID=1537 handle=+17147429858 text='5740'
  ROWID=1539 handle=+17147429858 text='5753 '
  ROWID=1540 handle=+17147429858 text='5754, back to work 😞 '

[FLAGGED: RANGE]
  ROWID=5335 handle=+17147429858 text='6076-6074'

[FLAGGED: AMBIGUOUS_MULTIPLE_NUMBERS]
  ROWID=5820 handle=+17147429858 text='￼'
  ROWID=5829 handle=+17147429858 text='6097, work never stops '
  ROWID=5835 handle=+17147429858 text='6108, work break '

[FLAGGED: AMBIGUOUS_MULTIPLE_NUMBERS]
  ROWID=6195 handle=+18453002491 text='￼'
  ROWID=6197 handle=+18453002491 text='6164'
  ROWID=6199 handle=+18453002491 text='6144'

[FLAGGED: RANGE]
  ROWID=6218 handle=+16173097007 text='6142-6141'

[FLAGGED: AMBIGUOUS_MULTIPLE_NUMBERS]
  ROWID=6296 handle=+18453002491 text='￼'
  ROWID=6298 handle=+18453002491 text='6155 mini golf'
  ROWID=6299 handle=+18453002491 text='6152'
  ROWID=6306 handle=+18453002491 text='6151'

[FLAGGED: RANGE]
  ROWID=6696 handle=+17147429858 text='6195-6193'

[FLAGGED: RANGE]
  ROWID=7831 handle=+16173097007 text='6386-6384'
